----------
INTERFACE:
dataset /root/lidar/tinySemKITTI/
log ./preds
model ./log
----------

Commit hash (training version):  b'5a5f4b1'
----------

Opening arch config file from ./log
Opening data config file from ./log
train 00
train 01
train 02
train 03
train 04
train 05
train 06
train 07
train 09
train 10
valid 08
test 11
test 12
test 13
test 14
test 15
test 16
test 17
test 18
test 19
test 20
test 21
model folder exists! Using model from ./log
Sequences folder exists! Using sequences from /root/lidar/tinySemKITTI/sequences
parsing seq 00
parsing seq 01
parsing seq 02
parsing seq 03
parsing seq 04
parsing seq 05
parsing seq 06
parsing seq 07
parsing seq 09
parsing seq 10
Using 100 scans from sequences [0, 1, 2, 3, 4, 5, 6, 7, 9, 10]
Sequences folder exists! Using sequences from /root/lidar/tinySemKITTI/sequences
parsing seq 08
Using 10 scans from sequences [8]
Sequences folder exists! Using sequences from /root/lidar/tinySemKITTI/sequences
parsing seq 11
parsing seq 12
parsing seq 13
parsing seq 14
parsing seq 15
parsing seq 16
parsing seq 17
parsing seq 18
parsing seq 19
parsing seq 20
parsing seq 21
Using 110 scans from sequences [11, 12, 13, 14, 15, 16, 17, 18, 19, 20, 21]
label shape:  (122724,)
label:  0
mapdict:  {0: 0, 1: 0, 10: 1, 11: 2, 13: 5, 15: 3, 16: 5, 18: 4, 20: 5, 30: 6, 31: 7, 32: 8, 40: 9, 44: 10, 48: 11, 49: 12, 50: 13, 51: 14, 52: 0, 60: 9, 70: 15, 71: 16, 72: 17, 80: 18, 81: 19, 99: 0, 252: 1, 253: 7, 254: 6, 255: 8, 256: 5, 257: 5, 258: 4, 259: 5}
label shape:  (64, 2048)
label:  [0 0 0 ... 0 0 0]
mapdict:  {0: 0, 1: 0, 10: 1, 11: 2, 13: 5, 15: 3, 16: 5, 18: 4, 20: 5, 30: 6, 31: 7, 32: 8, 40: 9, 44: 10, 48: 11, 49: 12, 50: 13, 51: 14, 52: 0, 60: 9, 70: 15, 71: 16, 72: 17, 80: 18, 81: 19, 99: 0, 252: 1, 253: 7, 254: 6, 255: 8, 256: 5, 257: 5, 258: 4, 259: 5}
label shape:  (123216,)
label:  0
mapdict:  {0: 0, 1: 0, 10: 1, 11: 2, 13: 5, 15: 3, 16: 5, 18: 4, 20: 5, 30: 6, 31: 7, 32: 8, 40: 9, 44: 10, 48: 11, 49: 12, 50: 13, 51: 14, 52: 0, 60: 9, 70: 15, 71: 16, 72: 17, 80: 18, 81: 19, 99: 0, 252: 1, 253: 7, 254: 6, 255: 8, 256: 5, 257: 5, 258: 4, 259: 5}
label shape:  (64, 2048)
label:  [0 0 0 ... 0 0 0]
mapdict:  {0: 0, 1: 0, 10: 1, 11: 2, 13: 5, 15: 3, 16: 5, 18: 4, 20: 5, 30: 6, 31: 7, 32: 8, 40: 9, 44: 10, 48: 11, 49: 12, 50: 13, 51: 14, 52: 0, 60: 9, 70: 15, 71: 16, 72: 17, 80: 18, 81: 19, 99: 0, 252: 1, 253: 7, 254: 6, 255: 8, 256: 5, 257: 5, 258: 4, 259: 5}
label shape:  (123969,)
label:  0
mapdict:  {0: 0, 1: 0, 10: 1, 11: 2, 13: 5, 15: 3, 16: 5, 18: 4, 20: 5, 30: 6, 31: 7, 32: 8, 40: 9, 44: 10, 48: 11, 49: 12, 50: 13, 51: 14, 52: 0, 60: 9, 70: 15, 71: 16, 72: 17, 80: 18, 81: 19, 99: 0, 252: 1, 253: 7, 254: 6, 255: 8, 256: 5, 257: 5, 258: 4, 259: 5}
label shape:  (64, 2048)
label:  [0 0 0 ... 0 0 0]
mapdict:  {0: 0, 1: 0, 10: 1, 11: 2, 13: 5, 15: 3, 16: 5, 18: 4, 20: 5, 30: 6, 31: 7, 32: 8, 40: 9, 44: 10, 48: 11, 49: 12, 50: 13, 51: 14, 52: 0, 60: 9, 70: 15, 71: 16, 72: 17, 80: 18, 81: 19, 99: 0, 252: 1, 253: 7, 254: 6, 255: 8, 256: 5, 257: 5, 258: 4, 259: 5}
label shape:  (122826,)
label:  0
mapdict:  {0: 0, 1: 0, 10: 1, 11: 2, 13: 5, 15: 3, 16: 5, 18: 4, 20: 5, 30: 6, 31: 7, 32: 8, 40: 9, 44: 10, 48: 11, 49: 12, 50: 13, 51: 14, 52: 0, 60: 9, 70: 15, 71: 16, 72: 17, 80: 18, 81: 19, 99: 0, 252: 1, 253: 7, 254: 6, 255: 8, 256: 5, 257: 5, 258: 4, 259: 5}
label shape:  (64, 2048)
label:  [0 0 0 ... 0 0 0]
mapdict:  {0: 0, 1: 0, 10: 1, 11: 2, 13: 5, 15: 3, 16: 5, 18: 4, 20: 5, 30: 6, 31: 7, 32: 8, 40: 9, 44: 10, 48: 11, 49: 12, 50: 13, 51: 14, 52: 0, 60: 9, 70: 15, 71: 16, 72: 17, 80: 18, 81: 19, 99: 0, 252: 1, 253: 7, 254: 6, 255: 8, 256: 5, 257: 5, 258: 4, 259: 5}
label shape:  (123373,)
label:  0
mapdict:  {0: 0, 1: 0, 10: 1, 11: 2, 13: 5, 15: 3, 16: 5, 18: 4, 20: 5, 30: 6, 31: 7, 32: 8, 40: 9, 44: 10, 48: 11, 49: 12, 50: 13, 51: 14, 52: 0, 60: 9, 70: 15, 71: 16, 72: 17, 80: 18, 81: 19, 99: 0, 252: 1, 253: 7, 254: 6, 255: 8, 256: 5, 257: 5, 258: 4, 259: 5}
label shape:  (64, 2048)
label:  [0 0 0 ... 0 0 0]
mapdict:  {0: 0, 1: 0, 10: 1, 11: 2, 13: 5, 15: 3, 16: 5, 18: 4, 20: 5, 30: 6, 31: 7, 32: 8, 40: 9, 44: 10, 48: 11, 49: 12, 50: 13, 51: 14, 52: 0, 60: 9, 70: 15, 71: 16, 72: 17, 80: 18, 81: 19, 99: 0, 252: 1, 253: 7, 254: 6, 255: 8, 256: 5, 257: 5, 258: 4, 259: 5}
label shape:  (122330,)
label:  81
mapdict:  {0: 0, 1: 0, 10: 1, 11: 2, 13: 5, 15: 3, 16: 5, 18: 4, 20: 5, 30: 6, 31: 7, 32: 8, 40: 9, 44: 10, 48: 11, 49: 12, 50: 13, 51: 14, 52: 0, 60: 9, 70: 15, 71: 16, 72: 17, 80: 18, 81: 19, 99: 0, 252: 1, 253: 7, 254: 6, 255: 8, 256: 5, 257: 5, 258: 4, 259: 5}
label shape:  (64, 2048)
label:  [0 0 0 ... 0 0 0]
mapdict:  {0: 0, 1: 0, 10: 1, 11: 2, 13: 5, 15: 3, 16: 5, 18: 4, 20: 5, 30: 6, 31: 7, 32: 8, 40: 9, 44: 10, 48: 11, 49: 12, 50: 13, 51: 14, 52: 0, 60: 9, 70: 15, 71: 16, 72: 17, 80: 18, 81: 19, 99: 0, 252: 1, 253: 7, 254: 6, 255: 8, 256: 5, 257: 5, 258: 4, 259: 5}
label shape:  (124605,)
label:  0
mapdict:  {0: 0, 1: 0, 10: 1, 11: 2, 13: 5, 15: 3, 16: 5, 18: 4, 20: 5, 30: 6, 31: 7, 32: 8, 40: 9, 44: 10, 48: 11, 49: 12, 50: 13, 51: 14, 52: 0, 60: 9, 70: 15, 71: 16, 72: 17, 80: 18, 81: 19, 99: 0, 252: 1, 253: 7, 254: 6, 255: 8, 256: 5, 257: 5, 258: 4, 259: 5}
label shape:  (64, 2048)
label:  [0 0 0 ... 0 0 0]
mapdict:  {0: 0, 1: 0, 10: 1, 11: 2, 13: 5, 15: 3, 16: 5, 18: 4, 20: 5, 30: 6, 31: 7, 32: 8, 40: 9, 44: 10, 48: 11, 49: 12, 50: 13, 51: 14, 52: 0, 60: 9, 70: 15, 71: 16, 72: 17, 80: 18, 81: 19, 99: 0, 252: 1, 253: 7, 254: 6, 255: 8, 256: 5, 257: 5, 258: 4, 259: 5}
label shape:  (122755,)
label:  0
mapdict:  {0: 0, 1: 0, 10: 1, 11: 2, 13: 5, 15: 3, 16: 5, 18: 4, 20: 5, 30: 6, 31: 7, 32: 8, 40: 9, 44: 10, 48: 11, 49: 12, 50: 13, 51: 14, 52: 0, 60: 9, 70: 15, 71: 16, 72: 17, 80: 18, 81: 19, 99: 0, 252: 1, 253: 7, 254: 6, 255: 8, 256: 5, 257: 5, 258: 4, 259: 5}
label shape:  (64, 2048)
label:  [0 0 0 ... 0 0 0]
mapdict:  {0: 0, 1: 0, 10: 1, 11: 2, 13: 5, 15: 3, 16: 5, 18: 4, 20: 5, 30: 6, 31: 7, 32: 8, 40: 9, 44: 10, 48: 11, 49: 12, 50: 13, 51: 14, 52: 0, 60: 9, 70: 15, 71: 16, 72: 17, 80: 18, 81: 19, 99: 0, 252: 1, 253: 7, 254: 6, 255: 8, 256: 5, 257: 5, 258: 4, 259: 5}
label shape:  (123924,)
label:  0
mapdict:  {0: 0, 1: 0, 10: 1, 11: 2, 13: 5, 15: 3, 16: 5, 18: 4, 20: 5, 30: 6, 31: 7, 32: 8, 40: 9, 44: 10, 48: 11, 49: 12, 50: 13, 51: 14, 52: 0, 60: 9, 70: 15, 71: 16, 72: 17, 80: 18, 81: 19, 99: 0, 252: 1, 253: 7, 254: 6, 255: 8, 256: 5, 257: 5, 258: 4, 259: 5}
label shape:  (64, 2048)
label:  [0 0 0 ... 0 0 0]
mapdict:  {0: 0, 1: 0, 10: 1, 11: 2, 13: 5, 15: 3, 16: 5, 18: 4, 20: 5, 30: 6, 31: 7, 32: 8, 40: 9, 44: 10, 48: 11, 49: 12, 50: 13, 51: 14, 52: 0, 60: 9, 70: 15, 71: 16, 72: 17, 80: 18, 81: 19, 99: 0, 252: 1, 253: 7, 254: 6, 255: 8, 256: 5, 257: 5, 258: 4, 259: 5}
label shape:  (122447,)
label:  81
mapdict:  {0: 0, 1: 0, 10: 1, 11: 2, 13: 5, 15: 3, 16: 5, 18: 4, 20: 5, 30: 6, 31: 7, 32: 8, 40: 9, 44: 10, 48: 11, 49: 12, 50: 13, 51: 14, 52: 0, 60: 9, 70: 15, 71: 16, 72: 17, 80: 18, 81: 19, 99: 0, 252: 1, 253: 7, 254: 6, 255: 8, 256: 5, 257: 5, 258: 4, 259: 5}
label shape:  (64, 2048)
label:  [0 0 0 ... 0 0 0]
mapdict:  {0: 0, 1: 0, 10: 1, 11: 2, 13: 5, 15: 3, 16: 5, 18: 4, 20: 5, 30: 6, 31: 7, 32: 8, 40: 9, 44: 10, 48: 11, 49: 12, 50: 13, 51: 14, 52: 0, 60: 9, 70: 15, 71: 16, 72: 17, 80: 18, 81: 19, 99: 0, 252: 1, 253: 7, 254: 6, 255: 8, 256: 5, 257: 5, 258: 4, 259: 5}
label shape:  (122974,)
label:  0
mapdict:  {0: 0, 1: 0, 10: 1, 11: 2, 13: 5, 15: 3, 16: 5, 18: 4, 20: 5, 30: 6, 31: 7, 32: 8, 40: 9, 44: 10, 48: 11, 49: 12, 50: 13, 51: 14, 52: 0, 60: 9, 70: 15, 71: 16, 72: 17, 80: 18, 81: 19, 99: 0, 252: 1, 253: 7, 254: 6, 255: 8, 256: 5, 257: 5, 258: 4, 259: 5}
label shape:  (64, 2048)
label:  [0 0 0 ... 0 0 0]
mapdict:  {0: 0, 1: 0, 10: 1, 11: 2, 13: 5, 15: 3, 16: 5, 18: 4, 20: 5, 30: 6, 31: 7, 32: 8, 40: 9, 44: 10, 48: 11, 49: 12, 50: 13, 51: 14, 52: 0, 60: 9, 70: 15, 71: 16, 72: 17, 80: 18, 81: 19, 99: 0, 252: 1, 253: 7, 254: 6, 255: 8, 256: 5, 257: 5, 258: 4, 259: 5}
label shape:  (122691,)
label:  0
mapdict:  {0: 0, 1: 0, 10: 1, 11: 2, 13: 5, 15: 3, 16: 5, 18: 4, 20: 5, 30: 6, 31: 7, 32: 8, 40: 9, 44: 10, 48: 11, 49: 12, 50: 13, 51: 14, 52: 0, 60: 9, 70: 15, 71: 16, 72: 17, 80: 18, 81: 19, 99: 0, 252: 1, 253: 7, 254: 6, 255: 8, 256: 5, 257: 5, 258: 4, 259: 5}
label shape:  (64, 2048)
label:  [0 0 0 ... 0 0 0]
mapdict:  {0: 0, 1: 0, 10: 1, 11: 2, 13: 5, 15: 3, 16: 5, 18: 4, 20: 5, 30: 6, 31: 7, 32: 8, 40: 9, 44: 10, 48: 11, 49: 12, 50: 13, 51: 14, 52: 0, 60: 9, 70: 15, 71: 16, 72: 17, 80: 18, 81: 19, 99: 0, 252: 1, 253: 7, 254: 6, 255: 8, 256: 5, 257: 5, 258: 4, 259: 5}
label shape:  (120556,)
label:  0
mapdict:  {0: 0, 1: 0, 10: 1, 11: 2, 13: 5, 15: 3, 16: 5, 18: 4, 20: 5, 30: 6, 31: 7, 32: 8, 40: 9, 44: 10, 48: 11, 49: 12, 50: 13, 51: 14, 52: 0, 60: 9, 70: 15, 71: 16, 72: 17, 80: 18, 81: 19, 99: 0, 252: 1, 253: 7, 254: 6, 255: 8, 256: 5, 257: 5, 258: 4, 259: 5}
label shape:  (64, 2048)
label:  [0 0 0 ... 0 0 0]
mapdict:  {0: 0, 1: 0, 10: 1, 11: 2, 13: 5, 15: 3, 16: 5, 18: 4, 20: 5, 30: 6, 31: 7, 32: 8, 40: 9, 44: 10, 48: 11, 49: 12, 50: 13, 51: 14, 52: 0, 60: 9, 70: 15, 71: 16, 72: 17, 80: 18, 81: 19, 99: 0, 252: 1, 253: 7, 254: 6, 255: 8, 256: 5, 257: 5, 258: 4, 259: 5}
label shape:  (123653,)
label:  0
mapdict:  {0: 0, 1: 0, 10: 1, 11: 2, 13: 5, 15: 3, 16: 5, 18: 4, 20: 5, 30: 6, 31: 7, 32: 8, 40: 9, 44: 10, 48: 11, 49: 12, 50: 13, 51: 14, 52: 0, 60: 9, 70: 15, 71: 16, 72: 17, 80: 18, 81: 19, 99: 0, 252: 1, 253: 7, 254: 6, 255: 8, 256: 5, 257: 5, 258: 4, 259: 5}
label shape:  (64, 2048)
label:  [0 0 0 ... 0 0 0]
mapdict:  {0: 0, 1: 0, 10: 1, 11: 2, 13: 5, 15: 3, 16: 5, 18: 4, 20: 5, 30: 6, 31: 7, 32: 8, 40: 9, 44: 10, 48: 11, 49: 12, 50: 13, 51: 14, 52: 0, 60: 9, 70: 15, 71: 16, 72: 17, 80: 18, 81: 19, 99: 0, 252: 1, 253: 7, 254: 6, 255: 8, 256: 5, 257: 5, 258: 4, 259: 5}
label shape:  (123956,)
label:  0
mapdict:  {0: 0, 1: 0, 10: 1, 11: 2, 13: 5, 15: 3, 16: 5, 18: 4, 20: 5, 30: 6, 31: 7, 32: 8, 40: 9, 44: 10, 48: 11, 49: 12, 50: 13, 51: 14, 52: 0, 60: 9, 70: 15, 71: 16, 72: 17, 80: 18, 81: 19, 99: 0, 252: 1, 253: 7, 254: 6, 255: 8, 256: 5, 257: 5, 258: 4, 259: 5}
label shape:  (64, 2048)
label:  [0 0 0 ... 0 0 0]
mapdict:  {0: 0, 1: 0, 10: 1, 11: 2, 13: 5, 15: 3, 16: 5, 18: 4, 20: 5, 30: 6, 31: 7, 32: 8, 40: 9, 44: 10, 48: 11, 49: 12, 50: 13, 51: 14, 52: 0, 60: 9, 70: 15, 71: 16, 72: 17, 80: 18, 81: 19, 99: 0, 252: 1, 253: 7, 254: 6, 255: 8, 256: 5, 257: 5, 258: 4, 259: 5}
label shape:  (123839,)
label:  0
mapdict:  {0: 0, 1: 0, 10: 1, 11: 2, 13: 5, 15: 3, 16: 5, 18: 4, 20: 5, 30: 6, 31: 7, 32: 8, 40: 9, 44: 10, 48: 11, 49: 12, 50: 13, 51: 14, 52: 0, 60: 9, 70: 15, 71: 16, 72: 17, 80: 18, 81: 19, 99: 0, 252: 1, 253: 7, 254: 6, 255: 8, 256: 5, 257: 5, 258: 4, 259: 5}
label shape:  (64, 2048)
label:  [0 0 0 ... 0 0 0]
mapdict:  {0: 0, 1: 0, 10: 1, 11: 2, 13: 5, 15: 3, 16: 5, 18: 4, 20: 5, 30: 6, 31: 7, 32: 8, 40: 9, 44: 10, 48: 11, 49: 12, 50: 13, 51: 14, 52: 0, 60: 9, 70: 15, 71: 16, 72: 17, 80: 18, 81: 19, 99: 0, 252: 1, 253: 7, 254: 6, 255: 8, 256: 5, 257: 5, 258: 4, 259: 5}
label shape:  (122781,)
label:  0
mapdict:  {0: 0, 1: 0, 10: 1, 11: 2, 13: 5, 15: 3, 16: 5, 18: 4, 20: 5, 30: 6, 31: 7, 32: 8, 40: 9, 44: 10, 48: 11, 49: 12, 50: 13, 51: 14, 52: 0, 60: 9, 70: 15, 71: 16, 72: 17, 80: 18, 81: 19, 99: 0, 252: 1, 253: 7, 254: 6, 255: 8, 256: 5, 257: 5, 258: 4, 259: 5}
label shape:  (64, 2048)
label:  [0 0 0 ... 0 0 0]
mapdict:  {0: 0, 1: 0, 10: 1, 11: 2, 13: 5, 15: 3, 16: 5, 18: 4, 20: 5, 30: 6, 31: 7, 32: 8, 40: 9, 44: 10, 48: 11, 49: 12, 50: 13, 51: 14, 52: 0, 60: 9, 70: 15, 71: 16, 72: 17, 80: 18, 81: 19, 99: 0, 252: 1, 253: 7, 254: 6, 255: 8, 256: 5, 257: 5, 258: 4, 259: 5}
label shape:  (123368,)
label:  0
mapdict:  {0: 0, 1: 0, 10: 1, 11: 2, 13: 5, 15: 3, 16: 5, 18: 4, 20: 5, 30: 6, 31: 7, 32: 8, 40: 9, 44: 10, 48: 11, 49: 12, 50: 13, 51: 14, 52: 0, 60: 9, 70: 15, 71: 16, 72: 17, 80: 18, 81: 19, 99: 0, 252: 1, 253: 7, 254: 6, 255: 8, 256: 5, 257: 5, 258: 4, 259: 5}
label shape:  (64, 2048)
label:  [0 0 0 ... 0 0 0]
mapdict:  {0: 0, 1: 0, 10: 1, 11: 2, 13: 5, 15: 3, 16: 5, 18: 4, 20: 5, 30: 6, 31: 7, 32: 8, 40: 9, 44: 10, 48: 11, 49: 12, 50: 13, 51: 14, 52: 0, 60: 9, 70: 15, 71: 16, 72: 17, 80: 18, 81: 19, 99: 0, 252: 1, 253: 7, 254: 6, 255: 8, 256: 5, 257: 5, 258: 4, 259: 5}
label shape:  (121357,)
label:  0
mapdict:  {0: 0, 1: 0, 10: 1, 11: 2, 13: 5, 15: 3, 16: 5, 18: 4, 20: 5, 30: 6, 31: 7, 32: 8, 40: 9, 44: 10, 48: 11, 49: 12, 50: 13, 51: 14, 52: 0, 60: 9, 70: 15, 71: 16, 72: 17, 80: 18, 81: 19, 99: 0, 252: 1, 253: 7, 254: 6, 255: 8, 256: 5, 257: 5, 258: 4, 259: 5}
label shape:  (64, 2048)
label:  [0 0 0 ... 0 0 0]
mapdict:  {0: 0, 1: 0, 10: 1, 11: 2, 13: 5, 15: 3, 16: 5, 18: 4, 20: 5, 30: 6, 31: 7, 32: 8, 40: 9, 44: 10, 48: 11, 49: 12, 50: 13, 51: 14, 52: 0, 60: 9, 70: 15, 71: 16, 72: 17, 80: 18, 81: 19, 99: 0, 252: 1, 253: 7, 254: 6, 255: 8, 256: 5, 257: 5, 258: 4, 259: 5}
label shape:  (123496,)
label:  0
mapdict:  {0: 0, 1: 0, 10: 1, 11: 2, 13: 5, 15: 3, 16: 5, 18: 4, 20: 5, 30: 6, 31: 7, 32: 8, 40: 9, 44: 10, 48: 11, 49: 12, 50: 13, 51: 14, 52: 0, 60: 9, 70: 15, 71: 16, 72: 17, 80: 18, 81: 19, 99: 0, 252: 1, 253: 7, 254: 6, 255: 8, 256: 5, 257: 5, 258: 4, 259: 5}
label shape:  (64, 2048)
label:  [0 0 0 ... 0 0 0]
mapdict:  {0: 0, 1: 0, 10: 1, 11: 2, 13: 5, 15: 3, 16: 5, 18: 4, 20: 5, 30: 6, 31: 7, 32: 8, 40: 9, 44: 10, 48: 11, 49: 12, 50: 13, 51: 14, 52: 0, 60: 9, 70: 15, 71: 16, 72: 17, 80: 18, 81: 19, 99: 0, 252: 1, 253: 7, 254: 6, 255: 8, 256: 5, 257: 5, 258: 4, 259: 5}
label shape:  (123846,)
label:  0
mapdict:  {0: 0, 1: 0, 10: 1, 11: 2, 13: 5, 15: 3, 16: 5, 18: 4, 20: 5, 30: 6, 31: 7, 32: 8, 40: 9, 44: 10, 48: 11, 49: 12, 50: 13, 51: 14, 52: 0, 60: 9, 70: 15, 71: 16, 72: 17, 80: 18, 81: 19, 99: 0, 252: 1, 253: 7, 254: 6, 255: 8, 256: 5, 257: 5, 258: 4, 259: 5}
label shape:  (64, 2048)
label:  [0 0 0 ... 0 0 0]
mapdict:  {0: 0, 1: 0, 10: 1, 11: 2, 13: 5, 15: 3, 16: 5, 18: 4, 20: 5, 30: 6, 31: 7, 32: 8, 40: 9, 44: 10, 48: 11, 49: 12, 50: 13, 51: 14, 52: 0, 60: 9, 70: 15, 71: 16, 72: 17, 80: 18, 81: 19, 99: 0, 252: 1, 253: 7, 254: 6, 255: 8, 256: 5, 257: 5, 258: 4, 259: 5}
label shape:  (122765,)
label:  0
mapdict:  {0: 0, 1: 0, 10: 1, 11: 2, 13: 5, 15: 3, 16: 5, 18: 4, 20: 5, 30: 6, 31: 7, 32: 8, 40: 9, 44: 10, 48: 11, 49: 12, 50: 13, 51: 14, 52: 0, 60: 9, 70: 15, 71: 16, 72: 17, 80: 18, 81: 19, 99: 0, 252: 1, 253: 7, 254: 6, 255: 8, 256: 5, 257: 5, 258: 4, 259: 5}
label shape:  (64, 2048)
label:  [0 0 0 ... 0 0 0]
mapdict:  {0: 0, 1: 0, 10: 1, 11: 2, 13: 5, 15: 3, 16: 5, 18: 4, 20: 5, 30: 6, 31: 7, 32: 8, 40: 9, 44: 10, 48: 11, 49: 12, 50: 13, 51: 14, 52: 0, 60: 9, 70: 15, 71: 16, 72: 17, 80: 18, 81: 19, 99: 0, 252: 1, 253: 7, 254: 6, 255: 8, 256: 5, 257: 5, 258: 4, 259: 5}
label shape:  (122208,)
label:  0
mapdict:  {0: 0, 1: 0, 10: 1, 11: 2, 13: 5, 15: 3, 16: 5, 18: 4, 20: 5, 30: 6, 31: 7, 32: 8, 40: 9, 44: 10, 48: 11, 49: 12, 50: 13, 51: 14, 52: 0, 60: 9, 70: 15, 71: 16, 72: 17, 80: 18, 81: 19, 99: 0, 252: 1, 253: 7, 254: 6, 255: 8, 256: 5, 257: 5, 258: 4, 259: 5}
label shape:  (64, 2048)
label:  [0 0 0 ... 0 0 0]
mapdict:  {0: 0, 1: 0, 10: 1, 11: 2, 13: 5, 15: 3, 16: 5, 18: 4, 20: 5, 30: 6, 31: 7, 32: 8, 40: 9, 44: 10, 48: 11, 49: 12, 50: 13, 51: 14, 52: 0, 60: 9, 70: 15, 71: 16, 72: 17, 80: 18, 81: 19, 99: 0, 252: 1, 253: 7, 254: 6, 255: 8, 256: 5, 257: 5, 258: 4, 259: 5}
label shape:  (124478,)
label:  0
mapdict:  {0: 0, 1: 0, 10: 1, 11: 2, 13: 5, 15: 3, 16: 5, 18: 4, 20: 5, 30: 6, 31: 7, 32: 8, 40: 9, 44: 10, 48: 11, 49: 12, 50: 13, 51: 14, 52: 0, 60: 9, 70: 15, 71: 16, 72: 17, 80: 18, 81: 19, 99: 0, 252: 1, 253: 7, 254: 6, 255: 8, 256: 5, 257: 5, 258: 4, 259: 5}
label shape:  (64, 2048)
label:  [0 0 0 ... 0 0 0]
mapdict:  {0: 0, 1: 0, 10: 1, 11: 2, 13: 5, 15: 3, 16: 5, 18: 4, 20: 5, 30: 6, 31: 7, 32: 8, 40: 9, 44: 10, 48: 11, 49: 12, 50: 13, 51: 14, 52: 0, 60: 9, 70: 15, 71: 16, 72: 17, 80: 18, 81: 19, 99: 0, 252: 1, 253: 7, 254: 6, 255: 8, 256: 5, 257: 5, 258: 4, 259: 5}
label shape:  (122901,)
label:  0
mapdict:  {0: 0, 1: 0, 10: 1, 11: 2, 13: 5, 15: 3, 16: 5, 18: 4, 20: 5, 30: 6, 31: 7, 32: 8, 40: 9, 44: 10, 48: 11, 49: 12, 50: 13, 51: 14, 52: 0, 60: 9, 70: 15, 71: 16, 72: 17, 80: 18, 81: 19, 99: 0, 252: 1, 253: 7, 254: 6, 255: 8, 256: 5, 257: 5, 258: 4, 259: 5}
label shape:  (64, 2048)
label:  [0 0 0 ... 0 0 0]
mapdict:  {0: 0, 1: 0, 10: 1, 11: 2, 13: 5, 15: 3, 16: 5, 18: 4, 20: 5, 30: 6, 31: 7, 32: 8, 40: 9, 44: 10, 48: 11, 49: 12, 50: 13, 51: 14, 52: 0, 60: 9, 70: 15, 71: 16, 72: 17, 80: 18, 81: 19, 99: 0, 252: 1, 253: 7, 254: 6, 255: 8, 256: 5, 257: 5, 258: 4, 259: 5}
label shape:  (122123,)
label:  0
mapdict:  {0: 0, 1: 0, 10: 1, 11: 2, 13: 5, 15: 3, 16: 5, 18: 4, 20: 5, 30: 6, 31: 7, 32: 8, 40: 9, 44: 10, 48: 11, 49: 12, 50: 13, 51: 14, 52: 0, 60: 9, 70: 15, 71: 16, 72: 17, 80: 18, 81: 19, 99: 0, 252: 1, 253: 7, 254: 6, 255: 8, 256: 5, 257: 5, 258: 4, 259: 5}
label shape:  (64, 2048)
label:  [0 0 0 ... 0 0 0]
mapdict:  {0: 0, 1: 0, 10: 1, 11: 2, 13: 5, 15: 3, 16: 5, 18: 4, 20: 5, 30: 6, 31: 7, 32: 8, 40: 9, 44: 10, 48: 11, 49: 12, 50: 13, 51: 14, 52: 0, 60: 9, 70: 15, 71: 16, 72: 17, 80: 18, 81: 19, 99: 0, 252: 1, 253: 7, 254: 6, 255: 8, 256: 5, 257: 5, 258: 4, 259: 5}
label shape:  (123881,)
label:  0
mapdict:  {0: 0, 1: 0, 10: 1, 11: 2, 13: 5, 15: 3, 16: 5, 18: 4, 20: 5, 30: 6, 31: 7, 32: 8, 40: 9, 44: 10, 48: 11, 49: 12, 50: 13, 51: 14, 52: 0, 60: 9, 70: 15, 71: 16, 72: 17, 80: 18, 81: 19, 99: 0, 252: 1, 253: 7, 254: 6, 255: 8, 256: 5, 257: 5, 258: 4, 259: 5}
label shape:  (64, 2048)
label:  [0 0 0 ... 0 0 0]
mapdict:  {0: 0, 1: 0, 10: 1, 11: 2, 13: 5, 15: 3, 16: 5, 18: 4, 20: 5, 30: 6, 31: 7, 32: 8, 40: 9, 44: 10, 48: 11, 49: 12, 50: 13, 51: 14, 52: 0, 60: 9, 70: 15, 71: 16, 72: 17, 80: 18, 81: 19, 99: 0, 252: 1, 253: 7, 254: 6, 255: 8, 256: 5, 257: 5, 258: 4, 259: 5}
label shape:  (121018,)
label:  0
mapdict:  {0: 0, 1: 0, 10: 1, 11: 2, 13: 5, 15: 3, 16: 5, 18: 4, 20: 5, 30: 6, 31: 7, 32: 8, 40: 9, 44: 10, 48: 11, 49: 12, 50: 13, 51: 14, 52: 0, 60: 9, 70: 15, 71: 16, 72: 17, 80: 18, 81: 19, 99: 0, 252: 1, 253: 7, 254: 6, 255: 8, 256: 5, 257: 5, 258: 4, 259: 5}
label shape:  (64, 2048)
label:  [0 0 0 ... 0 0 0]
mapdict:  {0: 0, 1: 0, 10: 1, 11: 2, 13: 5, 15: 3, 16: 5, 18: 4, 20: 5, 30: 6, 31: 7, 32: 8, 40: 9, 44: 10, 48: 11, 49: 12, 50: 13, 51: 14, 52: 0, 60: 9, 70: 15, 71: 16, 72: 17, 80: 18, 81: 19, 99: 0, 252: 1, 253: 7, 254: 6, 255: 8, 256: 5, 257: 5, 258: 4, 259: 5}
label shape:  (122780,)
label:  0
mapdict:  {0: 0, 1: 0, 10: 1, 11: 2, 13: 5, 15: 3, 16: 5, 18: 4, 20: 5, 30: 6, 31: 7, 32: 8, 40: 9, 44: 10, 48: 11, 49: 12, 50: 13, 51: 14, 52: 0, 60: 9, 70: 15, 71: 16, 72: 17, 80: 18, 81: 19, 99: 0, 252: 1, 253: 7, 254: 6, 255: 8, 256: 5, 257: 5, 258: 4, 259: 5}
label shape:  (64, 2048)
label:  [0 0 0 ... 0 0 0]
mapdict:  {0: 0, 1: 0, 10: 1, 11: 2, 13: 5, 15: 3, 16: 5, 18: 4, 20: 5, 30: 6, 31: 7, 32: 8, 40: 9, 44: 10, 48: 11, 49: 12, 50: 13, 51: 14, 52: 0, 60: 9, 70: 15, 71: 16, 72: 17, 80: 18, 81: 19, 99: 0, 252: 1, 253: 7, 254: 6, 255: 8, 256: 5, 257: 5, 258: 4, 259: 5}
label shape:  (122766,)
label:  0
mapdict:  {0: 0, 1: 0, 10: 1, 11: 2, 13: 5, 15: 3, 16: 5, 18: 4, 20: 5, 30: 6, 31: 7, 32: 8, 40: 9, 44: 10, 48: 11, 49: 12, 50: 13, 51: 14, 52: 0, 60: 9, 70: 15, 71: 16, 72: 17, 80: 18, 81: 19, 99: 0, 252: 1, 253: 7, 254: 6, 255: 8, 256: 5, 257: 5, 258: 4, 259: 5}
label shape:  (64, 2048)
label:  [0 0 0 ... 0 0 0]
mapdict:  {0: 0, 1: 0, 10: 1, 11: 2, 13: 5, 15: 3, 16: 5, 18: 4, 20: 5, 30: 6, 31: 7, 32: 8, 40: 9, 44: 10, 48: 11, 49: 12, 50: 13, 51: 14, 52: 0, 60: 9, 70: 15, 71: 16, 72: 17, 80: 18, 81: 19, 99: 0, 252: 1, 253: 7, 254: 6, 255: 8, 256: 5, 257: 5, 258: 4, 259: 5}
label shape:  (123380,)
label:  0
mapdict:  {0: 0, 1: 0, 10: 1, 11: 2, 13: 5, 15: 3, 16: 5, 18: 4, 20: 5, 30: 6, 31: 7, 32: 8, 40: 9, 44: 10, 48: 11, 49: 12, 50: 13, 51: 14, 52: 0, 60: 9, 70: 15, 71: 16, 72: 17, 80: 18, 81: 19, 99: 0, 252: 1, 253: 7, 254: 6, 255: 8, 256: 5, 257: 5, 258: 4, 259: 5}
label shape:  (64, 2048)
label:  [0 0 0 ... 0 0 0]
mapdict:  {0: 0, 1: 0, 10: 1, 11: 2, 13: 5, 15: 3, 16: 5, 18: 4, 20: 5, 30: 6, 31: 7, 32: 8, 40: 9, 44: 10, 48: 11, 49: 12, 50: 13, 51: 14, 52: 0, 60: 9, 70: 15, 71: 16, 72: 17, 80: 18, 81: 19, 99: 0, 252: 1, 253: 7, 254: 6, 255: 8, 256: 5, 257: 5, 258: 4, 259: 5}
label shape:  (121315,)
label:  0
mapdict:  {0: 0, 1: 0, 10: 1, 11: 2, 13: 5, 15: 3, 16: 5, 18: 4, 20: 5, 30: 6, 31: 7, 32: 8, 40: 9, 44: 10, 48: 11, 49: 12, 50: 13, 51: 14, 52: 0, 60: 9, 70: 15, 71: 16, 72: 17, 80: 18, 81: 19, 99: 0, 252: 1, 253: 7, 254: 6, 255: 8, 256: 5, 257: 5, 258: 4, 259: 5}
label shape:  (64, 2048)
label:  [0 0 0 ... 0 0 0]
mapdict:  {0: 0, 1: 0, 10: 1, 11: 2, 13: 5, 15: 3, 16: 5, 18: 4, 20: 5, 30: 6, 31: 7, 32: 8, 40: 9, 44: 10, 48: 11, 49: 12, 50: 13, 51: 14, 52: 0, 60: 9, 70: 15, 71: 16, 72: 17, 80: 18, 81: 19, 99: 0, 252: 1, 253: 7, 254: 6, 255: 8, 256: 5, 257: 5, 258: 4, 259: 5}
label shape:  (124167,)
label:  0
mapdict:  {0: 0, 1: 0, 10: 1, 11: 2, 13: 5, 15: 3, 16: 5, 18: 4, 20: 5, 30: 6, 31: 7, 32: 8, 40: 9, 44: 10, 48: 11, 49: 12, 50: 13, 51: 14, 52: 0, 60: 9, 70: 15, 71: 16, 72: 17, 80: 18, 81: 19, 99: 0, 252: 1, 253: 7, 254: 6, 255: 8, 256: 5, 257: 5, 258: 4, 259: 5}
label shape:  (64, 2048)
label:  [0 0 0 ... 0 0 0]
mapdict:  {0: 0, 1: 0, 10: 1, 11: 2, 13: 5, 15: 3, 16: 5, 18: 4, 20: 5, 30: 6, 31: 7, 32: 8, 40: 9, 44: 10, 48: 11, 49: 12, 50: 13, 51: 14, 52: 0, 60: 9, 70: 15, 71: 16, 72: 17, 80: 18, 81: 19, 99: 0, 252: 1, 253: 7, 254: 6, 255: 8, 256: 5, 257: 5, 258: 4, 259: 5}
label shape:  (122768,)
label:  0
mapdict:  {0: 0, 1: 0, 10: 1, 11: 2, 13: 5, 15: 3, 16: 5, 18: 4, 20: 5, 30: 6, 31: 7, 32: 8, 40: 9, 44: 10, 48: 11, 49: 12, 50: 13, 51: 14, 52: 0, 60: 9, 70: 15, 71: 16, 72: 17, 80: 18, 81: 19, 99: 0, 252: 1, 253: 7, 254: 6, 255: 8, 256: 5, 257: 5, 258: 4, 259: 5}
label shape:  (64, 2048)
label:  [0 0 0 ... 0 0 0]
mapdict:  {0: 0, 1: 0, 10: 1, 11: 2, 13: 5, 15: 3, 16: 5, 18: 4, 20: 5, 30: 6, 31: 7, 32: 8, 40: 9, 44: 10, 48: 11, 49: 12, 50: 13, 51: 14, 52: 0, 60: 9, 70: 15, 71: 16, 72: 17, 80: 18, 81: 19, 99: 0, 252: 1, 253: 7, 254: 6, 255: 8, 256: 5, 257: 5, 258: 4, 259: 5}
